tech_link/build/app/intermediates/manifest_merge_blame_file/debug/processDebugMainManifest/manifest-merger-blame-debug-report.txt
1<?xml version="1.0" encoding="utf-8"?>
2<manifest xmlns:android="http://schemas.android.com/apk/res/android"
3    package="com.example.tech_link"
4    android:versionCode="1"
5    android:versionName="1.0.0" >
6
7    <uses-sdk
8        android:minSdkVersion="23"
9        android:targetSdkVersion="35" />
10    <!--
11         The INTERNET permission is required for development. Specifically,
12         the Flutter tool needs it to communicate with the running application
13         to allow setting breakpoints, to provide hot reload, etc.
14    -->
15    <uses-permission android:name="android.permission.INTERNET" />
15-->src\main\AndroidManifest.xml:2:5-67
15-->src\main\AndroidManifest.xml:2:22-64
16    <!--
17     Required to query activities that can process text, see:
18         https://developer.android.com/training/package-visibility and
19         https://developer.android.com/reference/android/content/Intent#ACTION_PROCESS_TEXT.
20
21         In particular, this is used by the Flutter engine in io.flutter.plugin.text.ProcessTextPlugin.
22    -->
23    <queries>
23-->src\main\AndroidManifest.xml:40:5-45:15
24        <intent>
24-->src\main\AndroidManifest.xml:41:9-44:18
25            <action android:name="android.intent.action.PROCESS_TEXT" />
25-->src\main\AndroidManifest.xml:42:13-72
25-->src\main\AndroidManifest.xml:42:21-70
26
27            <data android:mimeType="text/plain" />
27-->src\main\AndroidManifest.xml:43:13-50
27-->src\main\AndroidManifest.xml:43:19-48
28        </intent>
29        <intent>
29-->[:flutter_inappwebview_android] AndroidManifest.xml:8:9-10:18
30            <action android:name="android.support.customtabs.action.CustomTabsService" />
30-->[:flutter_inappwebview_android] AndroidManifest.xml:9:13-90
30-->[:flutter_inappwebview_android] AndroidManifest.xml:9:21-87
31        </intent> <!-- Added to check the default browser that will host the AuthFlow. -->
32        <intent>
32-->[com.stripe:financial-connections:20.52.3] AndroidManifest.xml:13:9-17:18
33            <action android:name="android.intent.action.VIEW" />
33-->[com.stripe:financial-connections:20.52.3] AndroidManifest.xml:14:13-65
33-->[com.stripe:financial-connections:20.52.3] AndroidManifest.xml:14:21-62
34
35            <data android:scheme="http" />
35-->src\main\AndroidManifest.xml:43:13-50
36        </intent> <!-- Added to check if Chrome is installed for browser-based payment authentication (e.g. 3DS1). -->
37        <package android:name="com.android.chrome" /> <!-- Needs to be explicitly declared on Android R+ -->
37-->[com.stripe:payments-core:20.52.3] AndroidManifest.xml:11:9-54
37-->[com.stripe:payments-core:20.52.3] AndroidManifest.xml:11:18-51
38        <package android:name="com.google.android.apps.maps" />
38-->[com.google.android.gms:play-services-maps:18.0.2] AndroidManifest.xml:33:9-64
38-->[com.google.android.gms:play-services-maps:18.0.2] AndroidManifest.xml:33:18-61
39    </queries>
40
41    <uses-permission android:name="android.permission.ACCESS_NETWORK_STATE" />
41-->[com.google.firebase:firebase-auth:23.2.0] AndroidManifest.xml:26:5-79
41-->[com.google.firebase:firebase-auth:23.2.0] AndroidManifest.xml:26:22-76
42    <uses-permission android:name="com.google.android.providers.gsf.permission.READ_GSERVICES" />
42-->[com.google.android.recaptcha:recaptcha:18.6.1] AndroidManifest.xml:9:5-98
42-->[com.google.android.recaptcha:recaptcha:18.6.1] AndroidManifest.xml:9:22-95
43
44    <uses-feature
44-->[com.google.android.gms:play-services-maps:18.0.2] AndroidManifest.xml:26:5-28:35
45        android:glEsVersion="0x00020000"
45-->[com.google.android.gms:play-services-maps:18.0.2] AndroidManifest.xml:27:9-41
46        android:required="true" />
46-->[com.google.android.gms:play-services-maps:18.0.2] AndroidManifest.xml:28:9-32
47
48    <permission
48-->[androidx.core:core:1.13.1] AndroidManifest.xml:22:5-24:47
49        android:name="com.example.tech_link.DYNAMIC_RECEIVER_NOT_EXPORTED_PERMISSION"
49-->[androidx.core:core:1.13.1] AndroidManifest.xml:23:9-81
50        android:protectionLevel="signature" />
50-->[androidx.core:core:1.13.1] AndroidManifest.xml:24:9-44
51
52    <uses-permission android:name="com.example.tech_link.DYNAMIC_RECEIVER_NOT_EXPORTED_PERMISSION" />
52-->[androidx.core:core:1.13.1] AndroidManifest.xml:26:5-97
52-->[androidx.core:core:1.13.1] AndroidManifest.xml:26:22-94
53
54    <application
55        android:name="android.app.Application"
56        android:appComponentFactory="androidx.core.app.CoreComponentFactory"
56-->[androidx.core:core:1.13.1] AndroidManifest.xml:28:18-86
57        android:debuggable="true"
58        android:extractNativeLibs="false"
59        android:icon="@mipmap/ic_launcher"
60        android:label="tech_link" >
61        <activity
62            android:name="com.example.tech_link.MainActivity"
63            android:configChanges="orientation|keyboardHidden|keyboard|screenSize|smallestScreenSize|locale|layoutDirection|fontScale|screenLayout|density|uiMode"
64            android:exported="true"
65            android:hardwareAccelerated="true"
66            android:launchMode="singleTop"
67            android:taskAffinity=""
68            android:theme="@style/LaunchTheme"
69            android:windowSoftInputMode="adjustResize" >
70
71            <!--
72                 Specifies an Android theme to apply to this Activity as soon as
73                 the Android process has started. This theme is visible to the user
74                 while the Flutter UI initializes. After that, this theme continues
75                 to determine the Window background behind the Flutter UI.
76            -->
77            <meta-data
78                android:name="io.flutter.embedding.android.NormalTheme"
79                android:resource="@style/NormalTheme" />
80
81            <intent-filter>
82                <action android:name="android.intent.action.MAIN" />
83
84                <category android:name="android.intent.category.LAUNCHER" />
85            </intent-filter>
86        </activity>
87        <!--
88             Don't delete the meta-data below.
89             This is used by the Flutter tool to generate GeneratedPluginRegistrant.java
90        -->
91        <meta-data
92            android:name="flutterEmbedding"
93            android:value="2" />
94
95        <activity
95-->[:flutter_inappwebview_android] AndroidManifest.xml:14:9-18:47
96            android:name="com.pichillilorenzo.flutter_inappwebview_android.in_app_browser.InAppBrowserActivity"
96-->[:flutter_inappwebview_android] AndroidManifest.xml:15:13-112
97            android:configChanges="orientation|keyboardHidden|keyboard|screenSize|locale|layoutDirection|fontScale|screenLayout|density"
97-->[:flutter_inappwebview_android] AndroidManifest.xml:16:13-137
98            android:exported="false"
98-->[:flutter_inappwebview_android] AndroidManifest.xml:17:13-37
99            android:theme="@style/AppTheme" />
99-->[:flutter_inappwebview_android] AndroidManifest.xml:18:13-44
100        <activity
100-->[:flutter_inappwebview_android] AndroidManifest.xml:19:9-22:55
101            android:name="com.pichillilorenzo.flutter_inappwebview_android.chrome_custom_tabs.ChromeCustomTabsActivity"
101-->[:flutter_inappwebview_android] AndroidManifest.xml:20:13-120
102            android:exported="false"
102-->[:flutter_inappwebview_android] AndroidManifest.xml:21:13-37
103            android:theme="@style/ThemeTransparent" />
103-->[:flutter_inappwebview_android] AndroidManifest.xml:22:13-52
104        <activity
104-->[:flutter_inappwebview_android] AndroidManifest.xml:23:9-26:55
105            android:name="com.pichillilorenzo.flutter_inappwebview_android.chrome_custom_tabs.TrustedWebActivity"
105-->[:flutter_inappwebview_android] AndroidManifest.xml:24:13-114
106            android:exported="false"
106-->[:flutter_inappwebview_android] AndroidManifest.xml:25:13-37
107            android:theme="@style/ThemeTransparent" />
107-->[:flutter_inappwebview_android] AndroidManifest.xml:26:13-52
108        <activity
108-->[:flutter_inappwebview_android] AndroidManifest.xml:27:9-31:55
109            android:name="com.pichillilorenzo.flutter_inappwebview_android.chrome_custom_tabs.ChromeCustomTabsActivitySingleInstance"
109-->[:flutter_inappwebview_android] AndroidManifest.xml:28:13-134
110            android:exported="false"
110-->[:flutter_inappwebview_android] AndroidManifest.xml:29:13-37
111            android:launchMode="singleInstance"
111-->[:flutter_inappwebview_android] AndroidManifest.xml:30:13-48
112            android:theme="@style/ThemeTransparent" />
112-->[:flutter_inappwebview_android] AndroidManifest.xml:31:13-52
113        <activity
113-->[:flutter_inappwebview_android] AndroidManifest.xml:32:9-36:55
114            android:name="com.pichillilorenzo.flutter_inappwebview_android.chrome_custom_tabs.TrustedWebActivitySingleInstance"
114-->[:flutter_inappwebview_android] AndroidManifest.xml:33:13-128
115            android:exported="false"
115-->[:flutter_inappwebview_android] AndroidManifest.xml:34:13-37
116            android:launchMode="singleInstance"
116-->[:flutter_inappwebview_android] AndroidManifest.xml:35:13-48
117            android:theme="@style/ThemeTransparent" />
117-->[:flutter_inappwebview_android] AndroidManifest.xml:36:13-52
118
119        <receiver
119-->[:flutter_inappwebview_android] AndroidManifest.xml:38:9-41:40
120            android:name="com.pichillilorenzo.flutter_inappwebview_android.chrome_custom_tabs.ActionBroadcastReceiver"
120-->[:flutter_inappwebview_android] AndroidManifest.xml:39:13-119
121            android:enabled="true"
121-->[:flutter_inappwebview_android] AndroidManifest.xml:40:13-35
122            android:exported="false" />
122-->[:flutter_inappwebview_android] AndroidManifest.xml:41:13-37
123
124        <meta-data
124-->[:flutter_inappwebview_android] AndroidManifest.xml:43:9-45:36
125            android:name="io.flutter.embedded_views_preview"
125-->[:flutter_inappwebview_android] AndroidManifest.xml:44:13-61
126            android:value="true" />
126-->[:flutter_inappwebview_android] AndroidManifest.xml:45:13-33
127
128        <activity
128-->[com.stripe:financial-connections:20.52.3] AndroidManifest.xml:21:9-65:20
129            android:name="com.stripe.android.financialconnections.FinancialConnectionsSheetRedirectActivity"
129-->[com.stripe:financial-connections:20.52.3] AndroidManifest.xml:22:13-109
130            android:exported="true"
130-->[com.stripe:financial-connections:20.52.3] AndroidManifest.xml:23:13-36
131            android:launchMode="singleTask" >
131-->[com.stripe:financial-connections:20.52.3] AndroidManifest.xml:24:13-44
132            <intent-filter>
132-->[com.stripe:financial-connections:20.52.3] AndroidManifest.xml:25:13-64:29
133                <action android:name="android.intent.action.VIEW" />
133-->[com.stripe:financial-connections:20.52.3] AndroidManifest.xml:14:13-65
133-->[com.stripe:financial-connections:20.52.3] AndroidManifest.xml:14:21-62
134
135                <category android:name="android.intent.category.DEFAULT" />
135-->[com.stripe:financial-connections:20.52.3] AndroidManifest.xml:28:17-76
135-->[com.stripe:financial-connections:20.52.3] AndroidManifest.xml:28:27-73
136                <category android:name="android.intent.category.BROWSABLE" />
136-->[com.stripe:financial-connections:20.52.3] AndroidManifest.xml:29:17-78
136-->[com.stripe:financial-connections:20.52.3] AndroidManifest.xml:29:27-75
137
138                <!-- Returning from app2app: return_url is triggered to reopen web AuthFlow and poll accounts. -->
139                <data
139-->src\main\AndroidManifest.xml:43:13-50
140                    android:host="link-accounts"
141                    android:pathPrefix="/com.example.tech_link/authentication_return"
142                    android:scheme="stripe-auth" />
143
144                <!-- Returning from app2app: return_url is triggered to reopen native AuthFlow and poll accounts. -->
145                <data
145-->src\main\AndroidManifest.xml:43:13-50
146                    android:host="link-native-accounts"
147                    android:pathPrefix="/com.example.tech_link/authentication_return"
148                    android:scheme="stripe-auth" />
149
150                <!-- End of web AuthFlow success and cancel URIs that begin with "stripe-auth://link-accounts/{app-id}/...” -->
151                <data
151-->src\main\AndroidManifest.xml:43:13-50
152                    android:host="link-accounts"
153                    android:path="/com.example.tech_link/success"
154                    android:scheme="stripe-auth" />
155                <data
155-->src\main\AndroidManifest.xml:43:13-50
156                    android:host="link-accounts"
157                    android:path="/com.example.tech_link/cancel"
158                    android:scheme="stripe-auth" />
159
160                <!-- Opening app2app: Web flow triggers stripe-auth://native-redirect/{app-id}/http://web-that-redirects-to-native -->
161                <data
161-->src\main\AndroidManifest.xml:43:13-50
162                    android:host="native-redirect"
163                    android:pathPrefix="/com.example.tech_link"
164                    android:scheme="stripe-auth" />
165
166                <!-- Accepts success/cancel/fail URIs that begin with "stripe://auth-redirect” -->
167                <data
167-->src\main\AndroidManifest.xml:43:13-50
168                    android:host="auth-redirect"
169                    android:pathPrefix="/com.example.tech_link"
170                    android:scheme="stripe" />
171            </intent-filter>
172        </activity>
173        <activity
173-->[com.stripe:financial-connections:20.52.3] AndroidManifest.xml:66:9-69:77
174            android:name="com.stripe.android.financialconnections.FinancialConnectionsSheetActivity"
174-->[com.stripe:financial-connections:20.52.3] AndroidManifest.xml:67:13-101
175            android:exported="false"
175-->[com.stripe:financial-connections:20.52.3] AndroidManifest.xml:68:13-37
176            android:theme="@style/StripeFinancialConnectionsDefaultTheme" />
176-->[com.stripe:financial-connections:20.52.3] AndroidManifest.xml:69:13-74
177        <activity
177-->[com.stripe:financial-connections:20.52.3] AndroidManifest.xml:70:9-74:58
178            android:name="com.stripe.android.financialconnections.ui.FinancialConnectionsSheetNativeActivity"
178-->[com.stripe:financial-connections:20.52.3] AndroidManifest.xml:71:13-110
179            android:exported="false"
179-->[com.stripe:financial-connections:20.52.3] AndroidManifest.xml:72:13-37
180            android:theme="@style/StripeFinancialConnectionsDefaultTheme"
180-->[com.stripe:financial-connections:20.52.3] AndroidManifest.xml:73:13-74
181            android:windowSoftInputMode="adjustResize" />
181-->[com.stripe:financial-connections:20.52.3] AndroidManifest.xml:74:13-55
182        <activity
182-->[com.stripe:paymentsheet:20.52.3] AndroidManifest.xml:8:9-11:69
183            android:name="com.stripe.android.paymentsheet.PaymentSheetActivity"
183-->[com.stripe:paymentsheet:20.52.3] AndroidManifest.xml:9:13-80
184            android:exported="false"
184-->[com.stripe:paymentsheet:20.52.3] AndroidManifest.xml:10:13-37
185            android:theme="@style/StripePaymentSheetDefaultTheme" />
185-->[com.stripe:paymentsheet:20.52.3] AndroidManifest.xml:11:13-66
186        <activity
186-->[com.stripe:paymentsheet:20.52.3] AndroidManifest.xml:12:9-15:69
187            android:name="com.stripe.android.paymentsheet.PaymentOptionsActivity"
187-->[com.stripe:paymentsheet:20.52.3] AndroidManifest.xml:13:13-82
188            android:exported="false"
188-->[com.stripe:paymentsheet:20.52.3] AndroidManifest.xml:14:13-37
189            android:theme="@style/StripePaymentSheetDefaultTheme" />
189-->[com.stripe:paymentsheet:20.52.3] AndroidManifest.xml:15:13-66
190        <activity
190-->[com.stripe:paymentsheet:20.52.3] AndroidManifest.xml:16:9-19:69
191            android:name="com.stripe.android.customersheet.CustomerSheetActivity"
191-->[com.stripe:paymentsheet:20.52.3] AndroidManifest.xml:17:13-82
192            android:exported="false"
192-->[com.stripe:paymentsheet:20.52.3] AndroidManifest.xml:18:13-37
193            android:theme="@style/StripePaymentSheetDefaultTheme" />
193-->[com.stripe:paymentsheet:20.52.3] AndroidManifest.xml:19:13-66
194        <activity
194-->[com.stripe:paymentsheet:20.52.3] AndroidManifest.xml:20:9-23:69
195            android:name="com.stripe.android.paymentsheet.addresselement.AddressElementActivity"
195-->[com.stripe:paymentsheet:20.52.3] AndroidManifest.xml:21:13-97
196            android:exported="false"
196-->[com.stripe:paymentsheet:20.52.3] AndroidManifest.xml:22:13-37
197            android:theme="@style/StripePaymentSheetDefaultTheme" />
197-->[com.stripe:paymentsheet:20.52.3] AndroidManifest.xml:23:13-66
198        <activity
198-->[com.stripe:paymentsheet:20.52.3] AndroidManifest.xml:24:9-27:69
199            android:name="com.stripe.android.paymentsheet.paymentdatacollection.bacs.BacsMandateConfirmationActivity"
199-->[com.stripe:paymentsheet:20.52.3] AndroidManifest.xml:25:13-118
200            android:exported="false"
200-->[com.stripe:paymentsheet:20.52.3] AndroidManifest.xml:26:13-37
201            android:theme="@style/StripePaymentSheetDefaultTheme" />
201-->[com.stripe:paymentsheet:20.52.3] AndroidManifest.xml:27:13-66
202        <activity
202-->[com.stripe:paymentsheet:20.52.3] AndroidManifest.xml:28:9-31:69
203            android:name="com.stripe.android.paymentsheet.paymentdatacollection.polling.PollingActivity"
203-->[com.stripe:paymentsheet:20.52.3] AndroidManifest.xml:29:13-105
204            android:exported="false"
204-->[com.stripe:paymentsheet:20.52.3] AndroidManifest.xml:30:13-37
205            android:theme="@style/StripePaymentSheetDefaultTheme" />
205-->[com.stripe:paymentsheet:20.52.3] AndroidManifest.xml:31:13-66
206        <activity
206-->[com.stripe:paymentsheet:20.52.3] AndroidManifest.xml:32:9-35:69
207            android:name="com.stripe.android.paymentsheet.ui.SepaMandateActivity"
207-->[com.stripe:paymentsheet:20.52.3] AndroidManifest.xml:33:13-82
208            android:exported="false"
208-->[com.stripe:paymentsheet:20.52.3] AndroidManifest.xml:34:13-37
209            android:theme="@style/StripePaymentSheetDefaultTheme" />
209-->[com.stripe:paymentsheet:20.52.3] AndroidManifest.xml:35:13-66
210        <activity
210-->[com.stripe:paymentsheet:20.52.3] AndroidManifest.xml:36:9-39:68
211            android:name="com.stripe.android.paymentsheet.ExternalPaymentMethodProxyActivity"
211-->[com.stripe:paymentsheet:20.52.3] AndroidManifest.xml:37:13-94
212            android:exported="false"
212-->[com.stripe:paymentsheet:20.52.3] AndroidManifest.xml:38:13-37
213            android:theme="@style/StripePayLauncherDefaultTheme" />
213-->[com.stripe:paymentsheet:20.52.3] AndroidManifest.xml:39:13-65
214        <activity
214-->[com.stripe:paymentsheet:20.52.3] AndroidManifest.xml:40:9-42:69
215            android:name="com.stripe.android.paymentsheet.paymentdatacollection.cvcrecollection.CvcRecollectionActivity"
215-->[com.stripe:paymentsheet:20.52.3] AndroidManifest.xml:41:13-121
216            android:theme="@style/StripePaymentSheetDefaultTheme" />
216-->[com.stripe:paymentsheet:20.52.3] AndroidManifest.xml:42:13-66
217        <activity
217-->[com.stripe:link:20.52.3] AndroidManifest.xml:8:9-13:61
218            android:name="com.stripe.android.link.LinkActivity"
218-->[com.stripe:link:20.52.3] AndroidManifest.xml:9:13-64
219            android:autoRemoveFromRecents="true"
219-->[com.stripe:link:20.52.3] AndroidManifest.xml:10:13-49
220            android:configChanges="orientation|keyboard|keyboardHidden|screenLayout|screenSize|smallestScreenSize"
220-->[com.stripe:link:20.52.3] AndroidManifest.xml:11:13-115
221            android:launchMode="singleTop"
221-->[com.stripe:link:20.52.3] AndroidManifest.xml:12:13-43
222            android:theme="@style/StripeTransparentTheme" />
222-->[com.stripe:link:20.52.3] AndroidManifest.xml:13:13-58
223        <activity
223-->[com.stripe:link:20.52.3] AndroidManifest.xml:14:9-19:61
224            android:name="com.stripe.android.link.LinkForegroundActivity"
224-->[com.stripe:link:20.52.3] AndroidManifest.xml:15:13-74
225            android:autoRemoveFromRecents="true"
225-->[com.stripe:link:20.52.3] AndroidManifest.xml:16:13-49
226            android:configChanges="orientation|keyboard|keyboardHidden|screenLayout|screenSize|smallestScreenSize"
226-->[com.stripe:link:20.52.3] AndroidManifest.xml:17:13-115
227            android:launchMode="singleTop"
227-->[com.stripe:link:20.52.3] AndroidManifest.xml:18:13-43
228            android:theme="@style/StripeTransparentTheme" />
228-->[com.stripe:link:20.52.3] AndroidManifest.xml:19:13-58
229        <activity
229-->[com.stripe:link:20.52.3] AndroidManifest.xml:20:9-37:20
230            android:name="com.stripe.android.link.LinkRedirectHandlerActivity"
230-->[com.stripe:link:20.52.3] AndroidManifest.xml:21:13-79
231            android:autoRemoveFromRecents="true"
231-->[com.stripe:link:20.52.3] AndroidManifest.xml:22:13-49
232            android:exported="true"
232-->[com.stripe:link:20.52.3] AndroidManifest.xml:23:13-36
233            android:launchMode="singleInstance"
233-->[com.stripe:link:20.52.3] AndroidManifest.xml:24:13-48
234            android:theme="@style/StripeTransparentTheme" >
234-->[com.stripe:link:20.52.3] AndroidManifest.xml:25:13-58
235            <intent-filter>
235-->[com.stripe:link:20.52.3] AndroidManifest.xml:26:13-36:29
236                <action android:name="android.intent.action.VIEW" />
236-->[com.stripe:financial-connections:20.52.3] AndroidManifest.xml:14:13-65
236-->[com.stripe:financial-connections:20.52.3] AndroidManifest.xml:14:21-62
237
238                <category android:name="android.intent.category.DEFAULT" />
238-->[com.stripe:financial-connections:20.52.3] AndroidManifest.xml:28:17-76
238-->[com.stripe:financial-connections:20.52.3] AndroidManifest.xml:28:27-73
239                <category android:name="android.intent.category.BROWSABLE" />
239-->[com.stripe:financial-connections:20.52.3] AndroidManifest.xml:29:17-78
239-->[com.stripe:financial-connections:20.52.3] AndroidManifest.xml:29:27-75
240
241                <data
241-->src\main\AndroidManifest.xml:43:13-50
242                    android:host="complete"
243                    android:path="/com.example.tech_link"
244                    android:scheme="link-popup" />
245            </intent-filter>
246        </activity>
247        <activity
247-->[com.stripe:payments-ui-core:20.52.3] AndroidManifest.xml:8:9-11:69
248            android:name="com.stripe.android.ui.core.cardscan.CardScanActivity"
248-->[com.stripe:payments-ui-core:20.52.3] AndroidManifest.xml:9:13-80
249            android:exported="false"
249-->[com.stripe:payments-ui-core:20.52.3] AndroidManifest.xml:10:13-37
250            android:theme="@style/StripePaymentSheetDefaultTheme" />
250-->[com.stripe:payments-ui-core:20.52.3] AndroidManifest.xml:11:13-66
251        <activity
251-->[com.stripe:payments-core:20.52.3] AndroidManifest.xml:15:9-18:57
252            android:name="com.stripe.android.view.AddPaymentMethodActivity"
252-->[com.stripe:payments-core:20.52.3] AndroidManifest.xml:16:13-76
253            android:exported="false"
253-->[com.stripe:payments-core:20.52.3] AndroidManifest.xml:17:13-37
254            android:theme="@style/StripeDefaultTheme" />
254-->[com.stripe:payments-core:20.52.3] AndroidManifest.xml:18:13-54
255        <activity
255-->[com.stripe:payments-core:20.52.3] AndroidManifest.xml:19:9-22:57
256            android:name="com.stripe.android.view.PaymentMethodsActivity"
256-->[com.stripe:payments-core:20.52.3] AndroidManifest.xml:20:13-74
257            android:exported="false"
257-->[com.stripe:payments-core:20.52.3] AndroidManifest.xml:21:13-37
258            android:theme="@style/StripeDefaultTheme" />
258-->[com.stripe:payments-core:20.52.3] AndroidManifest.xml:22:13-54
259        <activity
259-->[com.stripe:payments-core:20.52.3] AndroidManifest.xml:23:9-26:57
260            android:name="com.stripe.android.view.PaymentFlowActivity"
260-->[com.stripe:payments-core:20.52.3] AndroidManifest.xml:24:13-71
261            android:exported="false"
261-->[com.stripe:payments-core:20.52.3] AndroidManifest.xml:25:13-37
262            android:theme="@style/StripeDefaultTheme" />
262-->[com.stripe:payments-core:20.52.3] AndroidManifest.xml:26:13-54
263        <activity
263-->[com.stripe:payments-core:20.52.3] AndroidManifest.xml:27:9-30:57
264            android:name="com.stripe.android.view.PaymentAuthWebViewActivity"
264-->[com.stripe:payments-core:20.52.3] AndroidManifest.xml:28:13-78
265            android:exported="false"
265-->[com.stripe:payments-core:20.52.3] AndroidManifest.xml:29:13-37
266            android:theme="@style/StripeDefaultTheme" />
266-->[com.stripe:payments-core:20.52.3] AndroidManifest.xml:30:13-54
267        <activity
267-->[com.stripe:payments-core:20.52.3] AndroidManifest.xml:31:9-34:61
268            android:name="com.stripe.android.view.PaymentRelayActivity"
268-->[com.stripe:payments-core:20.52.3] AndroidManifest.xml:32:13-72
269            android:exported="false"
269-->[com.stripe:payments-core:20.52.3] AndroidManifest.xml:33:13-37
270            android:theme="@style/StripeTransparentTheme" />
270-->[com.stripe:payments-core:20.52.3] AndroidManifest.xml:34:13-58
271        <!--
272        Set android:launchMode="singleTop" so that the StripeBrowserLauncherActivity instance that
273        launched the browser Activity will also handle the return URL deep link.
274        -->
275        <activity
275-->[com.stripe:payments-core:20.52.3] AndroidManifest.xml:40:9-44:61
276            android:name="com.stripe.android.payments.StripeBrowserLauncherActivity"
276-->[com.stripe:payments-core:20.52.3] AndroidManifest.xml:41:13-85
277            android:exported="false"
277-->[com.stripe:payments-core:20.52.3] AndroidManifest.xml:42:13-37
278            android:launchMode="singleTask"
278-->[com.stripe:payments-core:20.52.3] AndroidManifest.xml:43:13-44
279            android:theme="@style/StripeTransparentTheme" />
279-->[com.stripe:payments-core:20.52.3] AndroidManifest.xml:44:13-58
280        <activity
280-->[com.stripe:payments-core:20.52.3] AndroidManifest.xml:45:9-62:20
281            android:name="com.stripe.android.payments.StripeBrowserProxyReturnActivity"
281-->[com.stripe:payments-core:20.52.3] AndroidManifest.xml:46:13-88
282            android:exported="true"
282-->[com.stripe:payments-core:20.52.3] AndroidManifest.xml:47:13-36
283            android:launchMode="singleTask"
283-->[com.stripe:payments-core:20.52.3] AndroidManifest.xml:48:13-44
284            android:theme="@style/StripeTransparentTheme" >
284-->[com.stripe:payments-core:20.52.3] AndroidManifest.xml:49:13-58
285            <intent-filter>
285-->[com.stripe:payments-core:20.52.3] AndroidManifest.xml:50:13-61:29
286                <action android:name="android.intent.action.VIEW" />
286-->[com.stripe:financial-connections:20.52.3] AndroidManifest.xml:14:13-65
286-->[com.stripe:financial-connections:20.52.3] AndroidManifest.xml:14:21-62
287
288                <category android:name="android.intent.category.DEFAULT" />
288-->[com.stripe:financial-connections:20.52.3] AndroidManifest.xml:28:17-76
288-->[com.stripe:financial-connections:20.52.3] AndroidManifest.xml:28:27-73
289                <category android:name="android.intent.category.BROWSABLE" />
289-->[com.stripe:financial-connections:20.52.3] AndroidManifest.xml:29:17-78
289-->[com.stripe:financial-connections:20.52.3] AndroidManifest.xml:29:27-75
290
291                <!-- Must match `DefaultReturnUrl#value`. -->
292                <data
292-->src\main\AndroidManifest.xml:43:13-50
293                    android:host="payment_return_url"
294                    android:path="/com.example.tech_link"
295                    android:scheme="stripesdk" />
296            </intent-filter>
297        </activity>
298        <activity
298-->[com.stripe:payments-core:20.52.3] AndroidManifest.xml:63:9-66:57
299            android:name="com.stripe.android.payments.core.authentication.threeds2.Stripe3ds2TransactionActivity"
299-->[com.stripe:payments-core:20.52.3] AndroidManifest.xml:64:13-114
300            android:exported="false"
300-->[com.stripe:payments-core:20.52.3] AndroidManifest.xml:65:13-37
301            android:theme="@style/StripeDefaultTheme" />
301-->[com.stripe:payments-core:20.52.3] AndroidManifest.xml:66:13-54
302        <activity
302-->[com.stripe:payments-core:20.52.3] AndroidManifest.xml:67:9-70:66
303            android:name="com.stripe.android.googlepaylauncher.GooglePayLauncherActivity"
303-->[com.stripe:payments-core:20.52.3] AndroidManifest.xml:68:13-90
304            android:exported="false"
304-->[com.stripe:payments-core:20.52.3] AndroidManifest.xml:69:13-37
305            android:theme="@style/StripeGooglePayDefaultTheme" />
305-->[com.stripe:payments-core:20.52.3] AndroidManifest.xml:70:13-63
306        <activity
306-->[com.stripe:payments-core:20.52.3] AndroidManifest.xml:71:9-74:66
307            android:name="com.stripe.android.googlepaylauncher.GooglePayPaymentMethodLauncherActivity"
307-->[com.stripe:payments-core:20.52.3] AndroidManifest.xml:72:13-103
308            android:exported="false"
308-->[com.stripe:payments-core:20.52.3] AndroidManifest.xml:73:13-37
309            android:theme="@style/StripeGooglePayDefaultTheme" />
309-->[com.stripe:payments-core:20.52.3] AndroidManifest.xml:74:13-63
310        <activity
310-->[com.stripe:payments-core:20.52.3] AndroidManifest.xml:75:9-78:68
311            android:name="com.stripe.android.payments.paymentlauncher.PaymentLauncherConfirmationActivity"